[debug] [2023-10-24T20:21:59.660Z] ----------------------------------------------------------------------
[debug] [2023-10-24T20:21:59.661Z] Command:       /usr/local/bin/node /usr/local/bin/firebase init
[debug] [2023-10-24T20:21:59.662Z] CLI Version:   12.7.0
[debug] [2023-10-24T20:21:59.662Z] Platform:      darwin
[debug] [2023-10-24T20:21:59.662Z] Node Version:  v19.7.0
[debug] [2023-10-24T20:21:59.662Z] Time:          Tue Oct 24 2023 15:21:59 GMT-0500 (Central Daylight Time)
[debug] [2023-10-24T20:21:59.662Z] ----------------------------------------------------------------------
[debug] 
[debug] [2023-10-24T20:21:59.664Z] > command requires scopes: ["email","openid","https://www.googleapis.com/auth/cloudplatformprojects.readonly","https://www.googleapis.com/auth/firebase","https://www.googleapis.com/auth/cloud-platform"]
[debug] [2023-10-24T20:21:59.665Z] > authorizing via signed-in user (brandonkemboi87@gmail.com)
[info] 
     ######## #### ########  ######## ########     ###     ######  ########
     ##        ##  ##     ## ##       ##     ##  ##   ##  ##       ##
     ######    ##  ########  ######   ########  #########  ######  ######
     ##        ##  ##    ##  ##       ##     ## ##     ##       ## ##
     ##       #### ##     ## ######## ########  ##     ##  ######  ########

You're about to initialize a Firebase project in this directory:

  /Users/brandonkemboi/Desktop/Brandon's files/Truecare Health & Hospice

[info] 
=== Project Setup
[info] 
[info] First, let's associate this project directory with a Firebase project.
[info] You can create multiple project aliases by running firebase use --add, 
[info] but for now we'll just set up a default project.
[info] 
[debug] [2023-10-24T20:22:06.419Z] > refreshing access token with scopes: []
[debug] [2023-10-24T20:22:06.422Z] >>> [apiv2][query] POST https://www.googleapis.com/oauth2/v3/token [none]
[debug] [2023-10-24T20:22:06.422Z] >>> [apiv2][body] POST https://www.googleapis.com/oauth2/v3/token [omitted]
[debug] [2023-10-24T20:22:06.622Z] <<< [apiv2][status] POST https://www.googleapis.com/oauth2/v3/token 400
[debug] [2023-10-24T20:22:06.622Z] <<< [apiv2][body] POST https://www.googleapis.com/oauth2/v3/token [omitted]
[debug] [2023-10-24T20:22:06.623Z] >>> [apiv2][query] GET https://firebase.googleapis.com/v1beta1/projects pageSize=100
[debug] [2023-10-24T20:22:06.753Z] <<< [apiv2][status] GET https://firebase.googleapis.com/v1beta1/projects 401
[debug] [2023-10-24T20:22:06.754Z] <<< [apiv2][body] GET https://firebase.googleapis.com/v1beta1/projects [omitted]
[debug] [2023-10-24T20:22:06.755Z] HTTP Error: 401, Request had invalid authentication credentials. Expected OAuth 2 access token, login cookie or other valid authentication credential. See https://developers.google.com/identity/sign-in/web/devconsole-project.
[debug] [2023-10-24T20:22:06.878Z] FirebaseError: HTTP Error: 401, Request had invalid authentication credentials. Expected OAuth 2 access token, login cookie or other valid authentication credential. See https://developers.google.com/identity/sign-in/web/devconsole-project.
    at responseToError (/usr/local/lib/node_modules/firebase-tools/lib/responseToError.js:49:12)
    at RetryOperation._fn (/usr/local/lib/node_modules/firebase-tools/lib/apiv2.js:285:77)
    at process.processTicksAndRejections (node:internal/process/task_queues:95:5)
[error] 
[error] Error: Failed to list Firebase projects. See firebase-debug.log for more info.
